<?xml version="1.0" encoding="UTF-8"?>
<testng-results ignored="0" total="3" passed="3" failed="0" skipped="0">
  <reporter-output>
  </reporter-output>
  <suite started-at="2024-01-17T15:44:20 IST" name="Default suite" finished-at="2024-01-17T15:45:52 IST" duration-ms="91739">
    <groups>
      <group name="cucumber">
        <method signature="AbstractTestNGCucumberTests.runScenario(io.cucumber.testng.PickleWrapper,io.cucumber.testng.FeatureWrapper)[pri:0, instance:runner.TestRunner@5dda768f]" name="runScenario" class="io.cucumber.testng.AbstractTestNGCucumberTests"/>
      </group> <!-- cucumber -->
    </groups>
    <test started-at="2024-01-17T15:44:20 IST" name="Default test" finished-at="2024-01-17T15:45:52 IST" duration-ms="91739">
      <class name="runner.TestRunner">
        <test-method is-config="true" signature="setUpClass(org.testng.ITestContext)[pri:0, instance:runner.TestRunner@5dda768f]" started-at="2024-01-17T15:44:20 IST" name="setUpClass" finished-at="2024-01-17T15:44:21 IST" duration-ms="689" status="PASS">
          <params>
            <param index="0">
              <value>
                <![CDATA[org.testng.TestRunner@5f5297e3]]>
              </value>
            </param>
          </params>
          <reporter-output>
          </reporter-output>
        </test-method> <!-- setUpClass -->
        <test-method signature="runScenario(io.cucumber.testng.PickleWrapper,io.cucumber.testng.FeatureWrapper)[pri:0, instance:runner.TestRunner@5dda768f]" started-at="2024-01-17T15:44:21 IST" name="runScenario" description="Runs Cucumber Scenarios" data-provider="scenarios" finished-at="2024-01-17T15:44:48 IST" duration-ms="27164" status="PASS">
          <params>
            <param index="0">
              <value>
                <![CDATA["Varification for invalid credentials"]]>
              </value>
            </param>
            <param index="1">
              <value>
                <![CDATA["Validate invalid username and password"]]>
              </value>
            </param>
          </params>
          <reporter-output>
          </reporter-output>
        </test-method> <!-- runScenario -->
        <test-method signature="runScenario(io.cucumber.testng.PickleWrapper,io.cucumber.testng.FeatureWrapper)[pri:0, instance:runner.TestRunner@5dda768f]" started-at="2024-01-17T15:44:48 IST" name="runScenario" description="Runs Cucumber Scenarios" data-provider="scenarios" finished-at="2024-01-17T15:45:18 IST" duration-ms="29979" status="PASS">
          <params>
            <param index="0">
              <value>
                <![CDATA["Varification for valid credentials"]]>
              </value>
            </param>
            <param index="1">
              <value>
                <![CDATA["Validate username and password"]]>
              </value>
            </param>
          </params>
          <reporter-output>
          </reporter-output>
        </test-method> <!-- runScenario -->
        <test-method signature="runScenario(io.cucumber.testng.PickleWrapper,io.cucumber.testng.FeatureWrapper)[pri:0, instance:runner.TestRunner@5dda768f]" started-at="2024-01-17T15:45:18 IST" name="runScenario" description="Runs Cucumber Scenarios" data-provider="scenarios" finished-at="2024-01-17T15:45:51 IST" duration-ms="33155" status="PASS">
          <params>
            <param index="0">
              <value>
                <![CDATA["Varify that user is able to search bus"]]>
              </value>
            </param>
            <param index="1">
              <value>
                <![CDATA["Search bus Page"]]>
              </value>
            </param>
          </params>
          <reporter-output>
          </reporter-output>
        </test-method> <!-- runScenario -->
        <test-method is-config="true" signature="tearDownClass()[pri:0, instance:runner.TestRunner@5dda768f]" started-at="2024-01-17T15:45:51 IST" name="tearDownClass" finished-at="2024-01-17T15:45:52 IST" duration-ms="681" status="PASS">
          <reporter-output>
          </reporter-output>
        </test-method> <!-- tearDownClass -->
      </class> <!-- runner.TestRunner -->
    </test> <!-- Default test -->
  </suite> <!-- Default suite -->
</testng-results>
